[Licensing::Module] Trying to connect to existing licensing client channel...
Built from '6000.3/staging' branch; Version is '6000.3.0f1 (d1870ce95baf) revision 13731596'; Using compiler version '194234433'; Build Type 'Release'
[Licensing::IpcConnector] Successfully connected to: "LicenseClient-Laurens" at "2026-04-07T12:14:44.4760593Z"
OS: 'Windows 11  (10.0.26200) 64bit Professional' Language: 'en' Physical Memory: 32610 MB
BatchMode: 1, IsHumanControllingUs: 0, StartBugReporterOnCrash: 0, Is64bit: 1
Date: 2026-04-07T12:14:44Z

COMMAND LINE ARGUMENTS:
C:\Program Files\Unity\Hub\Editor\6000.3.0f1\Editor\Unity.exe
-adb2
-batchMode
-noUpm
-name
AssetImportWorker0
-projectPath
C:/Users/Laurens/Git/AlmostThere
-logFile
Logs/AssetImportWorker0.log
-srvPort
51375
-licensingIpc
LicenseClient-Laurens
-job-worker-count
7
-background-job-worker-count
8
-gc-helper-count
1
-name
AssetImport
Successfully changed project path to: C:/Users/Laurens/Git/AlmostThere
C:/Users/Laurens/Git/AlmostThere
[UnityMemory] Configuration Parameters - Can be set up in boot.config
    "memorysetup-temp-allocator-size-nav-mesh-worker=65536"
    "memorysetup-temp-allocator-size-audio-worker=65536"
    "memorysetup-temp-allocator-size-gfx=262144"
    "memorysetup-allocator-temp-initial-block-size-main=262144"
    "memorysetup-allocator-temp-initial-block-size-worker=262144"
    "memorysetup-temp-allocator-size-background-worker=32768"
    "memorysetup-temp-allocator-size-job-worker=262144"
    "memorysetup-temp-allocator-size-preload-manager=33554432"
    "memorysetup-temp-allocator-size-gi-baking-worker=262144"
    "memorysetup-temp-allocator-size-gi-baking-worker=262144"
    "memorysetup-temp-allocator-size-gi-baking-worker=262144"
    "memorysetup-temp-allocator-size-gi-baking-worker=262144"
    "memorysetup-temp-allocator-size-gi-baking-worker=262144"
    "memorysetup-bucket-allocator-granularity=16"
    "memorysetup-bucket-allocator-bucket-count=8"
    "memorysetup-bucket-allocator-block-size=33554432"
    "memorysetup-bucket-allocator-block-count=8"
    "memorysetup-main-allocator-block-size=16777216"
    "memorysetup-thread-allocator-block-size=16777216"
    "memorysetup-gfx-main-allocator-block-size=16777216"
    "memorysetup-gfx-thread-allocator-block-size=16777216"
    "memorysetup-cache-allocator-block-size=4194304"
    "memorysetup-typetree-allocator-block-size=2097152"
    "memorysetup-profiler-bucket-allocator-granularity=16"
    "memorysetup-profiler-bucket-allocator-bucket-count=8"
    "memorysetup-profiler-bucket-allocator-block-size=33554432"
    "memorysetup-profiler-bucket-allocator-block-count=8"
    "memorysetup-profiler-allocator-block-size=16777216"
    "memorysetup-profiler-editor-allocator-block-size=1048576"
    "memorysetup-temp-allocator-size-main=16777216"
    "memorysetup-job-temp-allocator-block-size=2097152"
    "memorysetup-job-temp-allocator-block-size-background=1048576"
    "memorysetup-job-temp-allocator-reduction-small-platforms=262144"
    "memorysetup-temp-allocator-size-cloud-worker=32768"
Player connection [10484]  Target information:

Player connection [10484]  * "[IP] 192.168.247.214 [Port] 0 [Flags] 2 [Guid] 2330612706 [EditorId] 2330612706 [Version] 1048832 [Id] WindowsEditor(7,DESKTOP-DSAM79H) [Debug] 1 [PackageName] WindowsEditor [ProjectName] Editor" 

Player connection [10484] Host joined multi-casting on [225.0.0.222:54997]...
Player connection [10484] Host joined alternative multi-casting on [225.0.0.222:34997]...
JobSystem: Creating JobQueue using job-worker-count value 7
Input System module state changed to: Initialized.
[Physics::Module] Initialized fallback backend.
[Physics::Module] Id: 0xdecafbad
Library Redirect Path: Library/
[Physics::Module] Selected backend.
[Physics::Module] Name: PhysX
[Physics::Module] Id: 0xf2b8ea05
[Physics::Module] SDK Version: 4.1.2
[Physics::Module] Integration Version: 1.0.0
[Physics::Module] Threading Mode: Multi-Threaded
Refreshing native plugins compatible for Editor in 3.19 ms, found 3 plugins.
Preloading 0 native plugins for Editor in 0.00 ms.
Initialize engine version: 6000.3.0f1 (d1870ce95baf)
[Subsystems] Discovering subsystems at path C:/Program Files/Unity/Hub/Editor/6000.3.0f1/Editor/Data/Resources/UnitySubsystems
[Subsystems] Discovering subsystems at path C:/Users/Laurens/Git/AlmostThere/Assets
GfxDevice: creating device client; kGfxThreadingModeNonThreaded
Direct3D:
    Version:  Direct3D 11.0 [level 11.1]
    Renderer: NVIDIA GeForce RTX 2080 Ti (ID=0x1e07)
    Vendor:   NVIDIA
    VRAM:     11027 MB
    Driver:   32.0.15.9579
Initialize mono
Mono path[0] = 'C:/Program Files/Unity/Hub/Editor/6000.3.0f1/Editor/Data/Managed'
Mono path[1] = 'C:/Program Files/Unity/Hub/Editor/6000.3.0f1/Editor/Data/MonoBleedingEdge/lib/mono/unityjit-win32'
Mono config path = 'C:/Program Files/Unity/Hub/Editor/6000.3.0f1/Editor/Data/MonoBleedingEdge/etc'
Using monoOptions --debugger-agent=transport=dt_socket,embedding=1,server=y,suspend=n,address=127.0.0.1:56144
Begin MonoManager ReloadAssembly
Registering precompiled unity dll's ...
Register platform support module: C:/Program Files/Unity/Hub/Editor/6000.3.0f1/Editor/Data/PlaybackEngines/WindowsStandaloneSupport/UnityEditor.WindowsStandalone.Extensions.dll
Registered in 0.001657 seconds.
- Loaded All Assemblies, in  0.623 seconds
Native extension for WindowsStandalone target not found
[Licensing::Client] Handshaking with LicensingClient:
  Version:                 1.17.4+4293ba1
  Session Id:              7178a5cd8ef243acabd785fcb767a10b
  Correlation Id:          9d77d328a6e34cdec80fa2fb6d9c5c47
  External correlation Id: 5295282249295909221
  Machine Id:              EtP/jBwSFgnT4tcSWr0bf8HNpHo=
[Licensing::Module] Successfully connected to LicensingClient on channel: "LicenseClient-Laurens" (connect: 0.00s, validation: 0.00s, handshake: 1.81s)
[Licensing::IpcConnector] Successfully connected to: "LicenseClient-Laurens-notifications" at "2026-04-07T12:14:46.290937Z"
[Licensing::Module] Licensing Background thread has ended after 1.82s
Mono: successfully reloaded assembly
- Finished resetting the current domain, in  0.585 seconds
Domain Reload Profiling: 1205ms
	BeginReloadAssembly (187ms)
		ExecutionOrderSort (0ms)
		DisableScriptedObjects (0ms)
		BackupInstance (0ms)
		ReleaseScriptingObjects (0ms)
		CreateAndSetChildDomain (1ms)
	RebuildCommonClasses (68ms)
	RebuildNativeTypeToScriptingClass (23ms)
	initialDomainReloadingComplete (62ms)
	LoadAllAssembliesAndSetupDomain (279ms)
		LoadAssemblies (182ms)
		RebuildTransferFunctionScriptingTraits (0ms)
		AnalyzeDomain (276ms)
			TypeCache.Refresh (273ms)
				TypeCache.ScanAssembly (255ms)
			BuildScriptInfoCaches (0ms)
			ResolveRequiredComponents (1ms)
	FinalizeReload (585ms)
		ReleaseScriptCaches (0ms)
		RebuildScriptCaches (0ms)
		SetupLoadedEditorAssemblies (531ms)
			LogAssemblyErrors (0ms)
			InitializePlatformSupportModulesInManaged (58ms)
			SetLoadedEditorAssemblies (5ms)
			BeforeProcessingInitializeOnLoad (168ms)
			ProcessInitializeOnLoadAttributes (213ms)
			ProcessInitializeOnLoadMethodAttributes (87ms)
			AfterProcessingInitializeOnLoad (0ms)
			EditorAssembliesLoaded (0ms)
		ExecutionOrderSort2 (0ms)
		AwakeInstancesAfterBackupRestoration (0ms)
Assembly reference Packages/com.unity.cinemachine/Editor/Samples/ExposeHDRPInternals/HDRP-Editor-ref.asmref has no target assembly definition
========================================================================
Worker process is ready to serve import requests
Import Worker Mode flag is 0x00
Assembly reference Packages/com.unity.cinemachine/Editor/Samples/ExposeHDRPInternals/HDRP-Editor-ref.asmref has no target assembly definition
Assembly reference Packages/com.unity.cinemachine/Editor/Samples/ExposeHDRPInternals/HDRP-Editor-ref.asmref has no target assembly definition
Begin MonoManager ReloadAssembly
[Licensing::Client] Successfully resolved entitlement details
[Licensing::Module] License group:
  Id: 9070990440367-UnityPersXXXX
  Product: Unity Personal
  Type: Assigned
  Expiration: Unlimited
- Loaded All Assemblies, in  0.834 seconds
Assembly reference Packages/com.unity.cinemachine/Editor/Samples/ExposeHDRPInternals/HDRP-Editor-ref.asmref has no target assembly definition
'Packages/com.unity.cinemachine/Editor/Obsolete/CinemachineVirtualCameraBaseEditor.cs' contains partial class of Unity.Object, exactly 1 of the partial classes needs to be in a file with the same filename. This is to know the one that can be referenced from ie. GameObjects
'Packages/com.unity.cinemachine/Editor/Editors/CinemachineVirtualCameraBaseEditor.cs' contains partial class of Unity.Object, exactly 1 of the partial classes needs to be in a file with the same filename. This is to know the one that can be referenced from ie. GameObjects
Refreshing native plugins compatible for Editor in 1.09 ms, found 3 plugins.
Native extension for WindowsStandalone target not found
Assembly reference Packages/com.unity.cinemachine/Editor/Samples/ExposeHDRPInternals/HDRP-Editor-ref.asmref has no target assembly definition
Package Manager log level set to [2]
[Package Manager] Failed to launch server process. Reason: Unity was launched with the -noUpm command-line argument
[Package Manager] Unable to send message (not connected to server process).
[Package Manager] Cannot connect to Unity Package Manager local server
[Package Manager] Failed to launch server process. Reason: Unity was launched with the -noUpm command-line argument
[Package Manager] Unable to send message (not connected to server process).
[Package Manager] Cannot connect to Unity Package Manager local server
[MODES] ModeService[none].Initialize
[MODES] ModeService[none].LoadModes
[MODES] Loading mode Default (0) for mode-current-id-AlmostThere
Mono: successfully reloaded assembly
- Finished resetting the current domain, in  0.933 seconds
Domain Reload Profiling: 1761ms
	BeginReloadAssembly (201ms)
		ExecutionOrderSort (0ms)
		DisableScriptedObjects (6ms)
		BackupInstance (0ms)
		ReleaseScriptingObjects (0ms)
		CreateAndSetChildDomain (33ms)
	RebuildCommonClasses (48ms)
	RebuildNativeTypeToScriptingClass (14ms)
	initialDomainReloadingComplete (36ms)
	LoadAllAssembliesAndSetupDomain (529ms)
		LoadAssemblies (365ms)
		RebuildTransferFunctionScriptingTraits (0ms)
		AnalyzeDomain (277ms)
			TypeCache.Refresh (195ms)
				TypeCache.ScanAssembly (176ms)
			BuildScriptInfoCaches (63ms)
			ResolveRequiredComponents (14ms)
	FinalizeReload (934ms)
		ReleaseScriptCaches (0ms)
		RebuildScriptCaches (0ms)
		SetupLoadedEditorAssemblies (732ms)
			LogAssemblyErrors (0ms)
			InitializePlatformSupportModulesInManaged (1ms)
			SetLoadedEditorAssemblies (3ms)
			BeforeProcessingInitializeOnLoad (177ms)
			ProcessInitializeOnLoadAttributes (415ms)
			ProcessInitializeOnLoadMethodAttributes (129ms)
			AfterProcessingInitializeOnLoad (7ms)
			EditorAssembliesLoaded (0ms)
		ExecutionOrderSort2 (0ms)
		AwakeInstancesAfterBackupRestoration (7ms)
Launched and connected shader compiler UnityShaderCompiler.exe after 0.01 seconds
Refreshing native plugins compatible for Editor in 1.96 ms, found 3 plugins.
Preloading 0 native plugins for Editor in 0.00 ms.
Unloading 18 Unused Serialized files (Serialized files now loaded: 0)
Unloading 6171 unused Assets / (5.0 MB). Loaded Objects now: 7076.
Memory consumption went from 158.5 MB to 153.5 MB.
Total: 18.330100 ms (FindLiveObjects: 0.878700 ms CreateObjectMapping: 1.560000 ms MarkObjects: 12.140400 ms  DeleteObjects: 3.749800 ms)

========================================================================
Received Import Request.
  Time since last request: 4315.249779 seconds.
  path: Assets/Prefabs/Systems/SpawnPoints.prefab
  artifactKey: Guid(388037bd5d58445479ccd81a2473fb37) Importer(2089858483,b0f066a214c2f5e87bad3c948f4d605d)
Start importing Assets/Prefabs/Systems/SpawnPoints.prefab using Guid(388037bd5d58445479ccd81a2473fb37) Importer(2089858483,b0f066a214c2f5e87bad3c948f4d605d) (ScriptedImporter) -> (artifact id: 'a51c6e2109d45af29d914f8957855bc0') in 0.1810445 seconds
Number of updated asset objects reloaded before import = 0Number of asset objects unloaded after import = 26

========================================================================
Received Import Request.
  Time since last request: 0.000031 seconds.
  path: Assets/Art/Textures/ButtonPrompt.png
  artifactKey: Guid(ae2b044a3cb3f3947bd0b9c2a96b0378) Importer(2089858483,b0f066a214c2f5e87bad3c948f4d605d)
Start importing Assets/Art/Textures/ButtonPrompt.png using Guid(ae2b044a3cb3f3947bd0b9c2a96b0378) Importer(2089858483,b0f066a214c2f5e87bad3c948f4d605d) (ScriptedImporter) -> (artifact id: 'bb74f0247098d88f3c7c10246b827217') in 0.0631928 seconds
Number of updated asset objects reloaded before import = 0Number of asset objects unloaded after import = 3

========================================================================
Received Import Request.
  Time since last request: 0.000023 seconds.
  path: Assets/Scripts/Player/MovementSystem/Movement.cs
  artifactKey: Guid(efaf4cf4004e4806b71e07b88f57df1d) Importer(2089858483,b0f066a214c2f5e87bad3c948f4d605d)
Start importing Assets/Scripts/Player/MovementSystem/Movement.cs using Guid(efaf4cf4004e4806b71e07b88f57df1d) Importer(2089858483,b0f066a214c2f5e87bad3c948f4d605d) (ScriptedImporter) -> (artifact id: 'd6c150fbeef25e4124c30000e5e16f0a') in 0.0071821 seconds
Number of updated asset objects reloaded before import = 0Number of asset objects unloaded after import = 0

========================================================================
Received Import Request.
  Time since last request: 0.000013 seconds.
  path: Assets/Scripts/Framework/Extensions/CollectionExtensions.cs
  artifactKey: Guid(8fe50ca5c3884dc8be300071e7875379) Importer(2089858483,b0f066a214c2f5e87bad3c948f4d605d)
Start importing Assets/Scripts/Framework/Extensions/CollectionExtensions.cs using Guid(8fe50ca5c3884dc8be300071e7875379) Importer(2089858483,b0f066a214c2f5e87bad3c948f4d605d) (ScriptedImporter) -> (artifact id: '4d24816ba9804de1d66b28c3096c6b9b') in 0.0075743 seconds
Number of updated asset objects reloaded before import = 0Number of asset objects unloaded after import = 0

========================================================================
Received Import Request.
  Time since last request: 0.000015 seconds.
  path: Assets/Scripts/Framework/ObjectPooling/IPoolable.cs
  artifactKey: Guid(4c629fd4abf54a91a44f7c08530a0dfd) Importer(2089858483,b0f066a214c2f5e87bad3c948f4d605d)
Start importing Assets/Scripts/Framework/ObjectPooling/IPoolable.cs using Guid(4c629fd4abf54a91a44f7c08530a0dfd) Importer(2089858483,b0f066a214c2f5e87bad3c948f4d605d) (ScriptedImporter) -> (artifact id: 'bf2be63e92ebe23e906cc631b91e9e91') in 0.0073333 seconds
Number of updated asset objects reloaded before import = 0Number of asset objects unloaded after import = 0

========================================================================
Received Import Request.
  Time since last request: 0.000015 seconds.
  path: Assets/ScriptableObjects/WalkMovementSetting.asset
  artifactKey: Guid(bc6a4a7c2e348ed459fa79b2de951942) Importer(2089858483,b0f066a214c2f5e87bad3c948f4d605d)
Start importing Assets/ScriptableObjects/WalkMovementSetting.asset using Guid(bc6a4a7c2e348ed459fa79b2de951942) Importer(2089858483,b0f066a214c2f5e87bad3c948f4d605d) (ScriptedImporter) -> (artifact id: 'a859a3c68c2701a0f081672c3d55ed95') in 0.0214181 seconds
Number of updated asset objects reloaded before import = 0Number of asset objects unloaded after import = 1

========================================================================
Received Import Request.
  Time since last request: 0.000013 seconds.
  path: Assets/Scenes/Testing/Blockout + stops.unity
  artifactKey: Guid(790ba2c41aab9ce4c8f0ca83b381bf2a) Importer(2089858483,b0f066a214c2f5e87bad3c948f4d605d)
Start importing Assets/Scenes/Testing/Blockout + stops.unity using Guid(790ba2c41aab9ce4c8f0ca83b381bf2a) Importer(2089858483,b0f066a214c2f5e87bad3c948f4d605d) (ScriptedImporter) -> (artifact id: '4e615b684b2af162727b5e7b5c7cd140') in 0.0243195 seconds
Number of updated asset objects reloaded before import = 0Number of asset objects unloaded after import = 1

========================================================================
Received Import Request.
  Time since last request: 0.000017 seconds.
  path: Assets/ScriptableObjects/BikeMovement.asset
  artifactKey: Guid(fdad63cb9b3951d41b86c93b2bec98ab) Importer(2089858483,b0f066a214c2f5e87bad3c948f4d605d)
Start importing Assets/ScriptableObjects/BikeMovement.asset using Guid(fdad63cb9b3951d41b86c93b2bec98ab) Importer(2089858483,b0f066a214c2f5e87bad3c948f4d605d) (ScriptedImporter) -> (artifact id: '7819381eed601eaaa997996536100d94') in 0.0093127 seconds
Number of updated asset objects reloaded before import = 0Number of asset objects unloaded after import = 1

========================================================================
Received Import Request.
  Time since last request: 0.000021 seconds.
  path: Assets/Scripts/Framework/InteractSystem/Interacter.cs
  artifactKey: Guid(4fe7ddc1cfb440e0a0d22f1d873582a5) Importer(2089858483,b0f066a214c2f5e87bad3c948f4d605d)
Start importing Assets/Scripts/Framework/InteractSystem/Interacter.cs using Guid(4fe7ddc1cfb440e0a0d22f1d873582a5) Importer(2089858483,b0f066a214c2f5e87bad3c948f4d605d) (ScriptedImporter) -> (artifact id: '3b40ad63d48a03b50f5a186506bd66b9') in 0.009183 seconds
Number of updated asset objects reloaded before import = 0Number of asset objects unloaded after import = 0

========================================================================
Received Import Request.
  Time since last request: 0.000014 seconds.
  path: Assets/ThirdParty/LeanTween/Framework/LTSeq.cs
  artifactKey: Guid(6c88dbe4cdd9944f198e9796ee394c86) Importer(2089858483,b0f066a214c2f5e87bad3c948f4d605d)
Start importing Assets/ThirdParty/LeanTween/Framework/LTSeq.cs using Guid(6c88dbe4cdd9944f198e9796ee394c86) Importer(2089858483,b0f066a214c2f5e87bad3c948f4d605d) (ScriptedImporter) -> (artifact id: '131ad02047eb2a99836c2c20f26d15c8') in 0.0088778 seconds
Number of updated asset objects reloaded before import = 0Number of asset objects unloaded after import = 0

========================================================================
Received Import Request.
  Time since last request: 0.000018 seconds.
  path: Assets/ThirdParty/LeanTween/Framework/LeanTween.cs
  artifactKey: Guid(9c2f4b27196f84954b44753aaac214bb) Importer(2089858483,b0f066a214c2f5e87bad3c948f4d605d)
Start importing Assets/ThirdParty/LeanTween/Framework/LeanTween.cs using Guid(9c2f4b27196f84954b44753aaac214bb) Importer(2089858483,b0f066a214c2f5e87bad3c948f4d605d) (ScriptedImporter) -> (artifact id: '15f85e73761be419066f37a0f18afcb2') in 0.0084785 seconds
Number of updated asset objects reloaded before import = 0Number of asset objects unloaded after import = 0

========================================================================
Received Import Request.
  Time since last request: 0.000014 seconds.
  path: Assets/ThirdParty/LeanTween/Testing/FollowingTests.unity
  artifactKey: Guid(e89d6da1c030f4e238f49a56fff94910) Importer(2089858483,b0f066a214c2f5e87bad3c948f4d605d)
Start importing Assets/ThirdParty/LeanTween/Testing/FollowingTests.unity using Guid(e89d6da1c030f4e238f49a56fff94910) Importer(2089858483,b0f066a214c2f5e87bad3c948f4d605d) (ScriptedImporter) -> (artifact id: 'c8a6cf548db6797eefdc41f888b3909a') in 0.0182648 seconds
Number of updated asset objects reloaded before import = 0Number of asset objects unloaded after import = 1

========================================================================
Received Import Request.
  Time since last request: 0.000016 seconds.
  path: Assets/Scenes/Alpha.unity
  artifactKey: Guid(37344cedd8282f147ba3a5f0ef9185b2) Importer(2089858483,b0f066a214c2f5e87bad3c948f4d605d)
Start importing Assets/Scenes/Alpha.unity using Guid(37344cedd8282f147ba3a5f0ef9185b2) Importer(2089858483,b0f066a214c2f5e87bad3c948f4d605d) (ScriptedImporter) -> (artifact id: '74fe4aa3a8095b93ce84e4a194d8ff8e') in 0.0225384 seconds
Number of updated asset objects reloaded before import = 0Number of asset objects unloaded after import = 1

========================================================================
Received Import Request.
  Time since last request: 0.000018 seconds.
  path: Assets/ThirdParty/LeanTween/ReadMe.txt
  artifactKey: Guid(f1e0da947b69648fdb1884d602088d92) Importer(2089858483,b0f066a214c2f5e87bad3c948f4d605d)
Start importing Assets/ThirdParty/LeanTween/ReadMe.txt using Guid(f1e0da947b69648fdb1884d602088d92) Importer(2089858483,b0f066a214c2f5e87bad3c948f4d605d) (ScriptedImporter) -> (artifact id: '466f6d283c141d9cd12fd0fdf3c1034b') in 0.0137019 seconds
Number of updated asset objects reloaded before import = 0Number of asset objects unloaded after import = 1

========================================================================
Received Import Request.
  Time since last request: 0.000019 seconds.
  path: Assets/URP/SampleSceneProfile.asset
  artifactKey: Guid(10fc4df2da32a41aaa32d77bc913491c) Importer(2089858483,b0f066a214c2f5e87bad3c948f4d605d)
Start importing Assets/URP/SampleSceneProfile.asset using Guid(10fc4df2da32a41aaa32d77bc913491c) Importer(2089858483,b0f066a214c2f5e87bad3c948f4d605d) (ScriptedImporter) -> (artifact id: 'e1ab54b9e4209c01a97faab042388bfa') in 0.0085624 seconds
Number of updated asset objects reloaded before import = 0Number of asset objects unloaded after import = 1

========================================================================
Received Import Request.
  Time since last request: 0.000013 seconds.
  path: Assets/Scripts/Framework/ObjectPooling/BasePoolObject.cs
  artifactKey: Guid(8b2d4d0d0a264ac6acf2b4dee58ea8f0) Importer(2089858483,b0f066a214c2f5e87bad3c948f4d605d)
Start importing Assets/Scripts/Framework/ObjectPooling/BasePoolObject.cs using Guid(8b2d4d0d0a264ac6acf2b4dee58ea8f0) Importer(2089858483,b0f066a214c2f5e87bad3c948f4d605d) (ScriptedImporter) -> (artifact id: '243454d8a78b937afb6e7d86ea13fdc1') in 0.0084123 seconds
Number of updated asset objects reloaded before import = 0Number of asset objects unloaded after import = 0

========================================================================
Received Import Request.
  Time since last request: 0.000012 seconds.
  path: Assets/Scripts/Framework/Extensions/EnumExtensions.cs
  artifactKey: Guid(cb44782e7d472eb41b70228c4db0ef04) Importer(2089858483,b0f066a214c2f5e87bad3c948f4d605d)
Start importing Assets/Scripts/Framework/Extensions/EnumExtensions.cs using Guid(cb44782e7d472eb41b70228c4db0ef04) Importer(2089858483,b0f066a214c2f5e87bad3c948f4d605d) (ScriptedImporter) -> (artifact id: 'aa862022b74541c49de9bde34ac745bd') in 0.0101704 seconds
Number of updated asset objects reloaded before import = 0Number of asset objects unloaded after import = 0

========================================================================
Received Import Request.
  Time since last request: 0.000015 seconds.
  path: Assets/Audio/Music/230326_AlmostThere_DRAFT1.wav
  artifactKey: Guid(01e21c21231e4da4a8523571a23335dc) Importer(2089858483,b0f066a214c2f5e87bad3c948f4d605d)
Start importing Assets/Audio/Music/230326_AlmostThere_DRAFT1.wav using Guid(01e21c21231e4da4a8523571a23335dc) Importer(2089858483,b0f066a214c2f5e87bad3c948f4d605d) (ScriptedImporter) -> (artifact id: 'fca6b276f9b6e415962f684d5d6023cd') in 0.0288231 seconds
Number of updated asset objects reloaded before import = 0Number of asset objects unloaded after import = 1

========================================================================
Received Import Request.
  Time since last request: 0.000017 seconds.
  path: Assets/ThirdParty/LeanTween/Testing/TestingSequencer.cs
  artifactKey: Guid(637354767abea4dfb8dbf2a06ab5d533) Importer(2089858483,b0f066a214c2f5e87bad3c948f4d605d)
Start importing Assets/ThirdParty/LeanTween/Testing/TestingSequencer.cs using Guid(637354767abea4dfb8dbf2a06ab5d533) Importer(2089858483,b0f066a214c2f5e87bad3c948f4d605d) (ScriptedImporter) -> (artifact id: 'a25636237bcc955f329af00d4ba056c6') in 0.0079636 seconds
Number of updated asset objects reloaded before import = 0Number of asset objects unloaded after import = 0

========================================================================
Received Import Request.
  Time since last request: 0.000025 seconds.
  path: Assets/ThirdParty/LeanTween/Testing/TestingIssueSettings.lighting
  artifactKey: Guid(bd418f0c36776fb4cb22a2e8aa17dc07) Importer(2089858483,b0f066a214c2f5e87bad3c948f4d605d)
Start importing Assets/ThirdParty/LeanTween/Testing/TestingIssueSettings.lighting using Guid(bd418f0c36776fb4cb22a2e8aa17dc07) Importer(2089858483,b0f066a214c2f5e87bad3c948f4d605d) (ScriptedImporter)LightingSettings: switching bake backend from 2 to 1.
 -> (artifact id: '7ca3e0c3540433f0e6154e37fdb013ad') in 0.0214033 seconds
Number of updated asset objects reloaded before import = 0Number of asset objects unloaded after import = 1

========================================================================
Received Import Request.
  Time since last request: 0.000013 seconds.
  path: Assets/ThirdParty/LeanTween/Testing/TestingRotate.cs
  artifactKey: Guid(7cfb0dbe21e2e4ed98e890f53d936b12) Importer(2089858483,b0f066a214c2f5e87bad3c948f4d605d)
Start importing Assets/ThirdParty/LeanTween/Testing/TestingRotate.cs using Guid(7cfb0dbe21e2e4ed98e890f53d936b12) Importer(2089858483,b0f066a214c2f5e87bad3c948f4d605d) (ScriptedImporter) -> (artifact id: '4c5144feb1f2309cb0abeced3683e83d') in 0.0077143 seconds
Number of updated asset objects reloaded before import = 0Number of asset objects unloaded after import = 0

========================================================================
Received Import Request.
  Time since last request: 0.000016 seconds.
  path: Assets/ThirdParty/LeanTween/Testing/TestingSequencerSettings.lighting
  artifactKey: Guid(5653c6a5c57e83942bd53033c71c11bf) Importer(2089858483,b0f066a214c2f5e87bad3c948f4d605d)
Start importing Assets/ThirdParty/LeanTween/Testing/TestingSequencerSettings.lighting using Guid(5653c6a5c57e83942bd53033c71c11bf) Importer(2089858483,b0f066a214c2f5e87bad3c948f4d605d) (ScriptedImporter)LightingSettings: switching bake backend from 2 to 1.
 -> (artifact id: '209b853ce50775ecb821f4cd4efe1211') in 0.0168551 seconds
Number of updated asset objects reloaded before import = 0Number of asset objects unloaded after import = 1

========================================================================
Received Import Request.
  Time since last request: 0.000013 seconds.
  path: Assets/ThirdParty/LeanTween/Testing/TestingDescr.unity
  artifactKey: Guid(5183fb754722d4edba59e1f7ab972186) Importer(2089858483,b0f066a214c2f5e87bad3c948f4d605d)
Start importing Assets/ThirdParty/LeanTween/Testing/TestingDescr.unity using Guid(5183fb754722d4edba59e1f7ab972186) Importer(2089858483,b0f066a214c2f5e87bad3c948f4d605d) (ScriptedImporter) -> (artifact id: '4feb3df178995fc15ca051d2826315a2') in 0.0161641 seconds
Number of updated asset objects reloaded before import = 0Number of asset objects unloaded after import = 1

========================================================================
Received Import Request.
  Time since last request: 0.000014 seconds.
  path: Assets/ThirdParty/LeanTween/Testing/TestingRotate.unity
  artifactKey: Guid(88db57df867844767a1535ae3671ae36) Importer(2089858483,b0f066a214c2f5e87bad3c948f4d605d)
Start importing Assets/ThirdParty/LeanTween/Testing/TestingRotate.unity using Guid(88db57df867844767a1535ae3671ae36) Importer(2089858483,b0f066a214c2f5e87bad3c948f4d605d) (ScriptedImporter) -> (artifact id: 'ad3e08e7710ba712bfc81a28fda0993f') in 0.0152694 seconds
Number of updated asset objects reloaded before import = 0Number of asset objects unloaded after import = 1

========================================================================
Received Import Request.
  Time since last request: 0.000022 seconds.
  path: Assets/ThirdParty/LeanTween/Framework/LeanTest.cs
  artifactKey: Guid(82464f26ca2ba284a8f92f51248c574a) Importer(2089858483,b0f066a214c2f5e87bad3c948f4d605d)
Start importing Assets/ThirdParty/LeanTween/Framework/LeanTest.cs using Guid(82464f26ca2ba284a8f92f51248c574a) Importer(2089858483,b0f066a214c2f5e87bad3c948f4d605d) (ScriptedImporter) -> (artifact id: 'dba305236d7e0020772b51e445682cd2') in 0.0080428 seconds
Number of updated asset objects reloaded before import = 0Number of asset objects unloaded after import = 0

========================================================================
Received Import Request.
  Time since last request: 0.000014 seconds.
  path: Assets/Art/Materials/SolidColors/M_Green.mat
  artifactKey: Guid(9d4283151df566a41a4c6158bbf6a723) Importer(2089858483,b0f066a214c2f5e87bad3c948f4d605d)
Start importing Assets/Art/Materials/SolidColors/M_Green.mat using Guid(9d4283151df566a41a4c6158bbf6a723) Importer(2089858483,b0f066a214c2f5e87bad3c948f4d605d) (ScriptedImporter) -> (artifact id: '92e808570ae9b4131b11ba327b0c6e52') in 0.0334681 seconds
Number of updated asset objects reloaded before import = 0Number of asset objects unloaded after import = 1

========================================================================
Received Import Request.
  Time since last request: 0.000018 seconds.
  path: Assets/ThirdParty/LeanTween/Testing/TestingSceneSwitching.unity
  artifactKey: Guid(2eedc500c8611491798b66b64c118120) Importer(2089858483,b0f066a214c2f5e87bad3c948f4d605d)
Start importing Assets/ThirdParty/LeanTween/Testing/TestingSceneSwitching.unity using Guid(2eedc500c8611491798b66b64c118120) Importer(2089858483,b0f066a214c2f5e87bad3c948f4d605d) (ScriptedImporter) -> (artifact id: '9d2bbf8057c3ff41174958fd43737dc2') in 0.0141482 seconds
Number of updated asset objects reloaded before import = 0Number of asset objects unloaded after import = 1

========================================================================
Received Import Request.
  Time since last request: 0.000013 seconds.
  path: Assets/ThirdParty/TextMesh Pro/Shaders/TMP_SDF.shader
  artifactKey: Guid(68e6db2ebdc24f95958faec2be5558d6) Importer(2089858483,b0f066a214c2f5e87bad3c948f4d605d)
Start importing Assets/ThirdParty/TextMesh Pro/Shaders/TMP_SDF.shader using Guid(68e6db2ebdc24f95958faec2be5558d6) Importer(2089858483,b0f066a214c2f5e87bad3c948f4d605d) (ScriptedImporter) -> (artifact id: '0a801d0bfa329c185d6d9b6b90fe6f3b') in 0.0128331 seconds
Number of updated asset objects reloaded before import = 0Number of asset objects unloaded after import = 1

========================================================================
Received Import Request.
  Time since last request: 0.000015 seconds.
  path: Assets/ThirdParty/TextMesh Pro/Shaders/TMP_SDF-Surface.shader
  artifactKey: Guid(f7ada0af4f174f0694ca6a487b8f543d) Importer(2089858483,b0f066a214c2f5e87bad3c948f4d605d)
Start importing Assets/ThirdParty/TextMesh Pro/Shaders/TMP_SDF-Surface.shader using Guid(f7ada0af4f174f0694ca6a487b8f543d) Importer(2089858483,b0f066a214c2f5e87bad3c948f4d605d) (ScriptedImporter) -> (artifact id: 'a647e8fbd655ccffdd90fb33f4d625c7') in 0.0087389 seconds
Number of updated asset objects reloaded before import = 0Number of asset objects unloaded after import = 1

========================================================================
Received Import Request.
  Time since last request: 0.000033 seconds.
  path: Assets/ThirdParty/TextMesh Pro/Shaders/TMP_SDF-URP Lit.shadergraph
  artifactKey: Guid(a3d800b099a06e0478fb790c5e79057a) Importer(2089858483,b0f066a214c2f5e87bad3c948f4d605d)
Start importing Assets/ThirdParty/TextMesh Pro/Shaders/TMP_SDF-URP Lit.shadergraph using Guid(a3d800b099a06e0478fb790c5e79057a) Importer(2089858483,b0f066a214c2f5e87bad3c948f4d605d) (ScriptedImporter) -> (artifact id: '3e7cfd9158738096e1fbc6478a0415d5') in 0.0494527 seconds
Number of updated asset objects reloaded before import = 0Number of asset objects unloaded after import = 4

========================================================================
Received Import Request.
  Time since last request: 0.000012 seconds.
  path: Assets/ThirdParty/TextMesh Pro/Resources/LineBreaking Leading Characters.txt
  artifactKey: Guid(d82c1b31c7e74239bff1220585707d2b) Importer(2089858483,b0f066a214c2f5e87bad3c948f4d605d)
Start importing Assets/ThirdParty/TextMesh Pro/Resources/LineBreaking Leading Characters.txt using Guid(d82c1b31c7e74239bff1220585707d2b) Importer(2089858483,b0f066a214c2f5e87bad3c948f4d605d) (ScriptedImporter) -> (artifact id: '6e9f7901fbda2c8d32a691397841d75b') in 0.0120643 seconds
Number of updated asset objects reloaded before import = 0Number of asset objects unloaded after import = 1

========================================================================
Received Import Request.
  Time since last request: 0.000013 seconds.
  path: Assets/ThirdParty/LeanTween/Documentation/classes/LeanSmooth.html
  artifactKey: Guid(e988e3f0c183c44c29adbd5e82d6fd87) Importer(2089858483,b0f066a214c2f5e87bad3c948f4d605d)
Start importing Assets/ThirdParty/LeanTween/Documentation/classes/LeanSmooth.html using Guid(e988e3f0c183c44c29adbd5e82d6fd87) Importer(2089858483,b0f066a214c2f5e87bad3c948f4d605d) (ScriptedImporter) -> (artifact id: '1f4ce33d4295f067206b3921c7bcc4fe') in 0.0204309 seconds
Number of updated asset objects reloaded before import = 0Number of asset objects unloaded after import = 1

========================================================================
Received Import Request.
  Time since last request: 0.000012 seconds.
  path: Assets/Scripts/Framework/FollowMovement/Followed.cs
  artifactKey: Guid(c6475f992d8f4c09bdb3e31e4147b3a4) Importer(2089858483,b0f066a214c2f5e87bad3c948f4d605d)
Start importing Assets/Scripts/Framework/FollowMovement/Followed.cs using Guid(c6475f992d8f4c09bdb3e31e4147b3a4) Importer(2089858483,b0f066a214c2f5e87bad3c948f4d605d) (ScriptedImporter) -> (artifact id: '03ed78e1f48cdbd2e7c2fdb4aa506835') in 0.0082551 seconds
Number of updated asset objects reloaded before import = 0Number of asset objects unloaded after import = 0

========================================================================
Received Import Request.
  Time since last request: 0.000022 seconds.
  path: Assets/Scenes/Testing/Blockout_Old.unity
  artifactKey: Guid(d7d07db481015c949a467393a6e5a47e) Importer(2089858483,b0f066a214c2f5e87bad3c948f4d605d)
Start importing Assets/Scenes/Testing/Blockout_Old.unity using Guid(d7d07db481015c949a467393a6e5a47e) Importer(2089858483,b0f066a214c2f5e87bad3c948f4d605d) (ScriptedImporter) -> (artifact id: '8d5984934f322de8d6414cf2119aeea5') in 0.0174463 seconds
Number of updated asset objects reloaded before import = 0Number of asset objects unloaded after import = 1

========================================================================
Received Import Request.
  Time since last request: 0.000024 seconds.
  path: Assets/Scripts/Gameplay/SocialEvents/FeedingPigeons.cs
  artifactKey: Guid(6ff15953017247a3bb1944def2d591d1) Importer(2089858483,b0f066a214c2f5e87bad3c948f4d605d)
Start importing Assets/Scripts/Gameplay/SocialEvents/FeedingPigeons.cs using Guid(6ff15953017247a3bb1944def2d591d1) Importer(2089858483,b0f066a214c2f5e87bad3c948f4d605d) (ScriptedImporter) -> (artifact id: 'af82e8c7f578be99043ede8512f9ed1d') in 0.0076389 seconds
Number of updated asset objects reloaded before import = 0Number of asset objects unloaded after import = 0

========================================================================
Received Import Request.
  Time since last request: 0.000013 seconds.
  path: Assets/ThirdParty/TextMesh Pro/Shaders/TMP_SDF-Mobile Masking.shader
  artifactKey: Guid(bc1ede39bf3643ee8e493720e4259791) Importer(2089858483,b0f066a214c2f5e87bad3c948f4d605d)
Start importing Assets/ThirdParty/TextMesh Pro/Shaders/TMP_SDF-Mobile Masking.shader using Guid(bc1ede39bf3643ee8e493720e4259791) Importer(2089858483,b0f066a214c2f5e87bad3c948f4d605d) (ScriptedImporter) -> (artifact id: 'f7f5479458e129d4fe9e9b66a1a0a7ec') in 0.0097945 seconds
Number of updated asset objects reloaded before import = 0Number of asset objects unloaded after import = 1

========================================================================
Received Import Request.
  Time since last request: 0.000012 seconds.
  path: Assets/Scripts/Framework/Attributes/RangeVector2.cs
  artifactKey: Guid(7ae23351ab856b94ea631594b85cb11d) Importer(2089858483,b0f066a214c2f5e87bad3c948f4d605d)
Start importing Assets/Scripts/Framework/Attributes/RangeVector2.cs using Guid(7ae23351ab856b94ea631594b85cb11d) Importer(2089858483,b0f066a214c2f5e87bad3c948f4d605d) (ScriptedImporter) -> (artifact id: 'bc13536e37ce362e715947976d7df9d3') in 0.0082636 seconds
Number of updated asset objects reloaded before import = 0Number of asset objects unloaded after import = 0

========================================================================
Received Import Request.
  Time since last request: 0.000014 seconds.
  path: Assets/ThirdParty/LeanTween/Examples/Material/DirectionalArrowMaterial.mat
  artifactKey: Guid(79809b4fc57ad41b982c1dd5ceb812b2) Importer(2089858483,b0f066a214c2f5e87bad3c948f4d605d)
Start importing Assets/ThirdParty/LeanTween/Examples/Material/DirectionalArrowMaterial.mat using Guid(79809b4fc57ad41b982c1dd5ceb812b2) Importer(2089858483,b0f066a214c2f5e87bad3c948f4d605d) (ScriptedImporter) -> (artifact id: '23d59c8cebd1b3068299458ea750c978') in 0.0393971 seconds
Number of updated asset objects reloaded before import = 0Number of asset objects unloaded after import = 1

========================================================================
Received Import Request.
  Time since last request: 0.000015 seconds.
  path: Assets/ThirdParty/LeanTween/Examples/Material/TrackGlowMaterial.mat
  artifactKey: Guid(f99cee49392444d14b5e8c16cd41348d) Importer(2089858483,b0f066a214c2f5e87bad3c948f4d605d)
Start importing Assets/ThirdParty/LeanTween/Examples/Material/TrackGlowMaterial.mat using Guid(f99cee49392444d14b5e8c16cd41348d) Importer(2089858483,b0f066a214c2f5e87bad3c948f4d605d) (ScriptedImporter) -> (artifact id: 'efdbd283cf7f3f58ee7748ee9a381813') in 0.0158126 seconds
Number of updated asset objects reloaded before import = 0Number of asset objects unloaded after import = 2

========================================================================
Received Import Request.
  Time since last request: 0.000023 seconds.
  path: Assets/ThirdParty/LeanTween/Documentation/classes/LeanTween.html
  artifactKey: Guid(beea01b16f84c4f18a168afa5800b612) Importer(2089858483,b0f066a214c2f5e87bad3c948f4d605d)
Start importing Assets/ThirdParty/LeanTween/Documentation/classes/LeanTween.html using Guid(beea01b16f84c4f18a168afa5800b612) Importer(2089858483,b0f066a214c2f5e87bad3c948f4d605d) (ScriptedImporter) -> (artifact id: '60a6f464dd75f5a941f699d0354aefb3') in 0.0255765 seconds
Number of updated asset objects reloaded before import = 0Number of asset objects unloaded after import = 1

========================================================================
Received Import Request.
  Time since last request: 0.000013 seconds.
  path: Assets/ThirdParty/LeanTween/Documentation/classes/LTRect.html
  artifactKey: Guid(b7ee5979c5f5f428d9c8735d84e09421) Importer(2089858483,b0f066a214c2f5e87bad3c948f4d605d)
Start importing Assets/ThirdParty/LeanTween/Documentation/classes/LTRect.html using Guid(b7ee5979c5f5f428d9c8735d84e09421) Importer(2089858483,b0f066a214c2f5e87bad3c948f4d605d) (ScriptedImporter) -> (artifact id: 'a543fcd31b4a13a818df287d0dece53c') in 0.0190627 seconds
Number of updated asset objects reloaded before import = 0Number of asset objects unloaded after import = 1

========================================================================
Received Import Request.
  Time since last request: 0.000011 seconds.
  path: Assets/ThirdParty/LeanTween/Examples/Material/Futuro_SineWave.psd
  artifactKey: Guid(d835741a3c4a14a0aa5f7536c46456c4) Importer(2089858483,b0f066a214c2f5e87bad3c948f4d605d)
Start importing Assets/ThirdParty/LeanTween/Examples/Material/Futuro_SineWave.psd using Guid(d835741a3c4a14a0aa5f7536c46456c4) Importer(2089858483,b0f066a214c2f5e87bad3c948f4d605d) (ScriptedImporter) -> (artifact id: '0edc0ca8e0ee4ecc96cc39489573fe53') in 0.0174386 seconds
Number of updated asset objects reloaded before import = 0Number of asset objects unloaded after import = 3

========================================================================
Received Import Request.
  Time since last request: 0.000013 seconds.
  path: Assets/ThirdParty/LeanTween/Examples/Material/SpaceLineGlowMaterial.mat
  artifactKey: Guid(4d170a8aa584240f4b18ce6a5e58ef2e) Importer(2089858483,b0f066a214c2f5e87bad3c948f4d605d)
Start importing Assets/ThirdParty/LeanTween/Examples/Material/SpaceLineGlowMaterial.mat using Guid(4d170a8aa584240f4b18ce6a5e58ef2e) Importer(2089858483,b0f066a214c2f5e87bad3c948f4d605d) (ScriptedImporter) -> (artifact id: '536d16f0a055f7629a0e3782c3819cee') in 0.0144797 seconds
Number of updated asset objects reloaded before import = 0Number of asset objects unloaded after import = 2

========================================================================
Received Import Request.
  Time since last request: 0.000017 seconds.
  path: Assets/ThirdParty/TextMesh Pro/Sprites/EmojiOne Attribution.txt
  artifactKey: Guid(381dcb09d5029d14897e55f98031fca5) Importer(2089858483,b0f066a214c2f5e87bad3c948f4d605d)
Start importing Assets/ThirdParty/TextMesh Pro/Sprites/EmojiOne Attribution.txt using Guid(381dcb09d5029d14897e55f98031fca5) Importer(2089858483,b0f066a214c2f5e87bad3c948f4d605d) (ScriptedImporter) -> (artifact id: 'de5bc1efe74f72af91a779f5b2a1c906') in 0.0129446 seconds
Number of updated asset objects reloaded before import = 0Number of asset objects unloaded after import = 1

========================================================================
Received Import Request.
  Time since last request: 0.000023 seconds.
  path: Assets/ThirdParty/TextMesh Pro/Shaders/TMP_SDF-Mobile SSD.shader
  artifactKey: Guid(c8d12adcee749c344b8117cf7c7eb912) Importer(2089858483,b0f066a214c2f5e87bad3c948f4d605d)
Start importing Assets/ThirdParty/TextMesh Pro/Shaders/TMP_SDF-Mobile SSD.shader using Guid(c8d12adcee749c344b8117cf7c7eb912) Importer(2089858483,b0f066a214c2f5e87bad3c948f4d605d) (ScriptedImporter) -> (artifact id: 'd2e5c71cd3662d6b96fc500f0c16e1a8') in 0.0086747 seconds
Number of updated asset objects reloaded before import = 0Number of asset objects unloaded after import = 1

========================================================================
Received Import Request.
  Time since last request: 0.000015 seconds.
  path: Assets/ThirdParty/LeanTween/Examples/Material/Ground.mat
  artifactKey: Guid(c6784005974824c55b2b59b5bda24153) Importer(2089858483,b0f066a214c2f5e87bad3c948f4d605d)
Start importing Assets/ThirdParty/LeanTween/Examples/Material/Ground.mat using Guid(c6784005974824c55b2b59b5bda24153) Importer(2089858483,b0f066a214c2f5e87bad3c948f4d605d) (ScriptedImporter) -> (artifact id: '0735ad90e5d7e7f7eea929934329aca1') in 0.0142629 seconds
Number of updated asset objects reloaded before import = 0Number of asset objects unloaded after import = 1

========================================================================
Received Import Request.
  Time since last request: 0.000014 seconds.
  path: Assets/ThirdParty/LeanTween/Examples/Models/LeanTweenHD-Icon.fbx
  artifactKey: Guid(7d6f6aee277594029851a7cc81d550d5) Importer(2089858483,b0f066a214c2f5e87bad3c948f4d605d)
Start importing Assets/ThirdParty/LeanTween/Examples/Models/LeanTweenHD-Icon.fbx using Guid(7d6f6aee277594029851a7cc81d550d5) Importer(2089858483,b0f066a214c2f5e87bad3c948f4d605d) (ScriptedImporter) -> (artifact id: 'f794a5226c865d000be63d27f5f8340c') in 0.0439288 seconds
Number of updated asset objects reloaded before import = 0Number of asset objects unloaded after import = 15

========================================================================
Received Import Request.
  Time since last request: 0.000015 seconds.
  path: Assets/ThirdParty/LeanTween/Examples/Models/AdvancedExamplesText.fbx
  artifactKey: Guid(47a7c1f40f5df413fbc8bf1c01c011a2) Importer(2089858483,b0f066a214c2f5e87bad3c948f4d605d)
Start importing Assets/ThirdParty/LeanTween/Examples/Models/AdvancedExamplesText.fbx using Guid(47a7c1f40f5df413fbc8bf1c01c011a2) Importer(2089858483,b0f066a214c2f5e87bad3c948f4d605d) (ScriptedImporter) -> (artifact id: 'e23a5da770082abb44328a11fb149cf2') in 0.0219182 seconds
Number of updated asset objects reloaded before import = 0Number of asset objects unloaded after import = 24

========================================================================
Received Import Request.
  Time since last request: 0.000017 seconds.
  path: Assets/ThirdParty/LeanTween/Examples/Prefabs/AvatarSparkles.prefab
  artifactKey: Guid(7b796b489cc4c447c91c00d4136b0e54) Importer(2089858483,b0f066a214c2f5e87bad3c948f4d605d)
Start importing Assets/ThirdParty/LeanTween/Examples/Prefabs/AvatarSparkles.prefab using Guid(7b796b489cc4c447c91c00d4136b0e54) Importer(2089858483,b0f066a214c2f5e87bad3c948f4d605d) (ScriptedImporter) -> (artifact id: '86c88f3a8acd31fcf31d93290ec19b6d') in 0.0435038 seconds
Number of updated asset objects reloaded before import = 0Number of asset objects unloaded after import = 18

========================================================================
Received Import Request.
  Time since last request: 0.000020 seconds.
  path: Assets/ThirdParty/LeanTween/Examples/Scenes/GeneralAdvancedTechniques.unity
  artifactKey: Guid(ed31b9589883b4d19a6bc0f50d57edec) Importer(2089858483,b0f066a214c2f5e87bad3c948f4d605d)
Start importing Assets/ThirdParty/LeanTween/Examples/Scenes/GeneralAdvancedTechniques.unity using Guid(ed31b9589883b4d19a6bc0f50d57edec) Importer(2089858483,b0f066a214c2f5e87bad3c948f4d605d) (ScriptedImporter) -> (artifact id: '1db97058af6422cbaacc6939995670b3') in 0.0179571 seconds
Number of updated asset objects reloaded before import = 0Number of asset objects unloaded after import = 1

========================================================================
Received Import Request.
  Time since last request: 0.000015 seconds.
  path: Assets/ThirdParty/LeanTween/Examples/Models/ExampleFirTree.fbx
  artifactKey: Guid(26daae648a43e4db88d0a47a293d545c) Importer(2089858483,b0f066a214c2f5e87bad3c948f4d605d)
Start importing Assets/ThirdParty/LeanTween/Examples/Models/ExampleFirTree.fbx using Guid(26daae648a43e4db88d0a47a293d545c) Importer(2089858483,b0f066a214c2f5e87bad3c948f4d605d) (ScriptedImporter) -> (artifact id: '24c4044f0ad7c75bcd2f9479c0ceec05') in 0.0178676 seconds
Number of updated asset objects reloaded before import = 0Number of asset objects unloaded after import = 8

========================================================================
Received Import Request.
  Time since last request: 0.000014 seconds.
  path: Assets/ThirdParty/LeanTween/Examples/Prefabs/Grids.prefab
  artifactKey: Guid(6a9d822b319924ae7a120c7f2ba0b067) Importer(2089858483,b0f066a214c2f5e87bad3c948f4d605d)
Start importing Assets/ThirdParty/LeanTween/Examples/Prefabs/Grids.prefab using Guid(6a9d822b319924ae7a120c7f2ba0b067) Importer(2089858483,b0f066a214c2f5e87bad3c948f4d605d) (ScriptedImporter) -> (artifact id: '9f2447cbe19c063b47e238e98eb37445') in 0.0284761 seconds
Number of updated asset objects reloaded before import = 0Number of asset objects unloaded after import = 392

========================================================================
Received Import Request.
  Time since last request: 0.000015 seconds.
  path: Assets/ThirdParty/LeanTween/Examples/Models/2dText.fbx
  artifactKey: Guid(c0f35ff1d23074af5bcd82d9caa31ebe) Importer(2089858483,b0f066a214c2f5e87bad3c948f4d605d)
Start importing Assets/ThirdParty/LeanTween/Examples/Models/2dText.fbx using Guid(c0f35ff1d23074af5bcd82d9caa31ebe) Importer(2089858483,b0f066a214c2f5e87bad3c948f4d605d) (ScriptedImporter) -> (artifact id: 'd82f418510557010e4b2579acdc373d6') in 0.0173638 seconds
Number of updated asset objects reloaded before import = 0Number of asset objects unloaded after import = 9

========================================================================
Received Import Request.
  Time since last request: 0.000017 seconds.
  path: Assets/ThirdParty/LeanTween/Examples/Prefabs/AvatarSpace.prefab
  artifactKey: Guid(e02878730c48147bb9fc414aabee207b) Importer(2089858483,b0f066a214c2f5e87bad3c948f4d605d)
Start importing Assets/ThirdParty/LeanTween/Examples/Prefabs/AvatarSpace.prefab using Guid(e02878730c48147bb9fc414aabee207b) Importer(2089858483,b0f066a214c2f5e87bad3c948f4d605d) (ScriptedImporter) -> (artifact id: 'f6417846b1e5cd40706419762a95ce21') in 0.0298607 seconds
Number of updated asset objects reloaded before import = 0Number of asset objects unloaded after import = 18

========================================================================
Received Import Request.
  Time since last request: 0.000023 seconds.
  path: Assets/ThirdParty/LeanTween/Examples/Scenes/GeneralBasicSettings.lighting
  artifactKey: Guid(334327d6addce514fbb82148d55a42f7) Importer(2089858483,b0f066a214c2f5e87bad3c948f4d605d)
Start importing Assets/ThirdParty/LeanTween/Examples/Scenes/GeneralBasicSettings.lighting using Guid(334327d6addce514fbb82148d55a42f7) Importer(2089858483,b0f066a214c2f5e87bad3c948f4d605d) (ScriptedImporter)LightingSettings: switching bake backend from 2 to 1.
 -> (artifact id: '0d63222085cd36d3e1d4066fd2a69601') in 0.0156079 seconds
Number of updated asset objects reloaded before import = 0Number of asset objects unloaded after import = 1

========================================================================
Received Import Request.
  Time since last request: 0.000013 seconds.
  path: Assets/ThirdParty/LeanTween/Examples/Scenes/PathSplineEndlessSettings.lighting
  artifactKey: Guid(039c6705651ad0a46aa1ee5e0207ad9f) Importer(2089858483,b0f066a214c2f5e87bad3c948f4d605d)
Start importing Assets/ThirdParty/LeanTween/Examples/Scenes/PathSplineEndlessSettings.lighting using Guid(039c6705651ad0a46aa1ee5e0207ad9f) Importer(2089858483,b0f066a214c2f5e87bad3c948f4d605d) (ScriptedImporter)LightingSettings: switching bake backend from 2 to 1.
 -> (artifact id: 'ac4a0735d5053427ba89a9256401722f') in 0.0155357 seconds
Number of updated asset objects reloaded before import = 0Number of asset objects unloaded after import = 1

========================================================================
Received Import Request.
  Time since last request: 0.000012 seconds.
  path: Assets/ThirdParty/LeanTween/Examples/Scenes/GeneralUISpace.unity
  artifactKey: Guid(698925ae1198741f09200bbe0cbbff86) Importer(2089858483,b0f066a214c2f5e87bad3c948f4d605d)
Start importing Assets/ThirdParty/LeanTween/Examples/Scenes/GeneralUISpace.unity using Guid(698925ae1198741f09200bbe0cbbff86) Importer(2089858483,b0f066a214c2f5e87bad3c948f4d605d) (ScriptedImporter) -> (artifact id: '6d9600317ee1863fec7bb8486b3e0a19') in 0.017816 seconds
Number of updated asset objects reloaded before import = 0Number of asset objects unloaded after import = 1

========================================================================
Received Import Request.
  Time since last request: 0.000013 seconds.
  path: Assets/Scenes/Art
  artifactKey: Guid(3c2fdfc1ef41b31498360fa2d55b504c) Importer(815301076,1909f56bfc062723c751e8b465ee728b)
Start importing Assets/Scenes/Art using Guid(3c2fdfc1ef41b31498360fa2d55b504c) Importer(815301076,1909f56bfc062723c751e8b465ee728b) (PreviewImporter) -> (artifact id: '067809aa15f760a934f47cc54e669e5b') in 0.0004891 seconds
Number of updated asset objects reloaded before import = 0Number of asset objects unloaded after import = 0

========================================================================
Received Import Request.
  Time since last request: 0.000013 seconds.
  path: Assets/ThirdParty/LeanTween/Examples/Scenes/LogoCinematicSettings.lighting
  artifactKey: Guid(e760a19b7ccaa364eb15a592ba024323) Importer(2089858483,b0f066a214c2f5e87bad3c948f4d605d)
Start importing Assets/ThirdParty/LeanTween/Examples/Scenes/LogoCinematicSettings.lighting using Guid(e760a19b7ccaa364eb15a592ba024323) Importer(2089858483,b0f066a214c2f5e87bad3c948f4d605d) (ScriptedImporter)LightingSettings: switching bake backend from 2 to 1.
 -> (artifact id: '8ad5b6ed7447043dd3a8f330e92ba49b') in 0.0178507 seconds
Number of updated asset objects reloaded before import = 0Number of asset objects unloaded after import = 1

========================================================================
Received Import Request.
  Time since last request: 0.000017 seconds.
  path: Assets/ThirdParty/LeanTween/Examples/Scenes/GeneralUISpaceSettings.lighting
  artifactKey: Guid(3d163efe5358b49dabdfa387538d1030) Importer(2089858483,b0f066a214c2f5e87bad3c948f4d605d)
Start importing Assets/ThirdParty/LeanTween/Examples/Scenes/GeneralUISpaceSettings.lighting using Guid(3d163efe5358b49dabdfa387538d1030) Importer(2089858483,b0f066a214c2f5e87bad3c948f4d605d) (ScriptedImporter)LightingSettings: switching bake backend from 2 to 1.
 -> (artifact id: '613ae299afffec8063b3fcd81007ee54') in 0.0164203 seconds
Number of updated asset objects reloaded before import = 0Number of asset objects unloaded after import = 1

========================================================================
Received Import Request.
  Time since last request: 0.000026 seconds.
  path: Assets/Prefabs/Systems/Transit/Waypoint.prefab
  artifactKey: Guid(b639606f2f55d19488b0510edc9f3676) Importer(2089858483,b0f066a214c2f5e87bad3c948f4d605d)
Start importing Assets/Prefabs/Systems/Transit/Waypoint.prefab using Guid(b639606f2f55d19488b0510edc9f3676) Importer(2089858483,b0f066a214c2f5e87bad3c948f4d605d) (ScriptedImporter) -> (artifact id: '9696c6219f5f06f322335695e7e28448') in 0.0305313 seconds
Number of updated asset objects reloaded before import = 0Number of asset objects unloaded after import = 8

========================================================================
Received Import Request.
  Time since last request: 0.000023 seconds.
  path: Assets/ThirdParty/TextMesh Pro/Shaders/TMP_Sprite.shader
  artifactKey: Guid(cf81c85f95fe47e1a27f6ae460cf182c) Importer(2089858483,b0f066a214c2f5e87bad3c948f4d605d)
Start importing Assets/ThirdParty/TextMesh Pro/Shaders/TMP_Sprite.shader using Guid(cf81c85f95fe47e1a27f6ae460cf182c) Importer(2089858483,b0f066a214c2f5e87bad3c948f4d605d) (ScriptedImporter) -> (artifact id: '29faecde2b39452a1d46940d84337abd') in 0.0080351 seconds
Number of updated asset objects reloaded before import = 0Number of asset objects unloaded after import = 1

========================================================================
Received Import Request.
  Time since last request: 0.000015 seconds.
  path: Assets/ThirdParty/LeanTween/Examples/Material/GridLines.mat
  artifactKey: Guid(9a06e258e3bf640e885048b32fdf51b7) Importer(2089858483,b0f066a214c2f5e87bad3c948f4d605d)
Start importing Assets/ThirdParty/LeanTween/Examples/Material/GridLines.mat using Guid(9a06e258e3bf640e885048b32fdf51b7) Importer(2089858483,b0f066a214c2f5e87bad3c948f4d605d) (ScriptedImporter) -> (artifact id: '8279d6925e5ac71305b1d400cd010f81') in 0.0097887 seconds
Number of updated asset objects reloaded before import = 0Number of asset objects unloaded after import = 1

========================================================================
Received Import Request.
  Time since last request: 0.000015 seconds.
  path: Assets/ThirdParty/LeanTween/Examples/Scenes/TestingZLegacySettings.lighting
  artifactKey: Guid(fe0e4781dbb37aa4fa0d1c7f4b86eccc) Importer(2089858483,b0f066a214c2f5e87bad3c948f4d605d)
Start importing Assets/ThirdParty/LeanTween/Examples/Scenes/TestingZLegacySettings.lighting using Guid(fe0e4781dbb37aa4fa0d1c7f4b86eccc) Importer(2089858483,b0f066a214c2f5e87bad3c948f4d605d) (ScriptedImporter)LightingSettings: switching bake backend from 2 to 1.
 -> (artifact id: '1df8edd81f1a9200b8d019cd6bd94a1b') in 0.0164488 seconds
Number of updated asset objects reloaded before import = 0Number of asset objects unloaded after import = 1

========================================================================
Received Import Request.
  Time since last request: 0.000014 seconds.
  path: Assets/ThirdParty/LeanTween/Examples/Scripts/GeneralEventsListeners.cs
  artifactKey: Guid(cd679d4fbbd8d475ba7187561370c3aa) Importer(2089858483,b0f066a214c2f5e87bad3c948f4d605d)
Start importing Assets/ThirdParty/LeanTween/Examples/Scripts/GeneralEventsListeners.cs using Guid(cd679d4fbbd8d475ba7187561370c3aa) Importer(2089858483,b0f066a214c2f5e87bad3c948f4d605d) (ScriptedImporter) -> (artifact id: 'd5d5eebfc040fdcbab45bd79a3ae9841') in 0.0076016 seconds
Number of updated asset objects reloaded before import = 0Number of asset objects unloaded after import = 0

========================================================================
Received Import Request.
  Time since last request: 0.000021 seconds.
  path: Assets/ThirdParty/LeanTween/Examples/Scripts/GeneralUISpace.cs
  artifactKey: Guid(cc2ddccee016148b189d987f564ee08e) Importer(2089858483,b0f066a214c2f5e87bad3c948f4d605d)
Start importing Assets/ThirdParty/LeanTween/Examples/Scripts/GeneralUISpace.cs using Guid(cc2ddccee016148b189d987f564ee08e) Importer(2089858483,b0f066a214c2f5e87bad3c948f4d605d) (ScriptedImporter) -> (artifact id: 'e8564f64678a1c7d042266515f741049') in 0.0122681 seconds
Number of updated asset objects reloaded before import = 0Number of asset objects unloaded after import = 0

========================================================================
Received Import Request.
  Time since last request: 0.000011 seconds.
  path: Assets/ThirdParty/LeanTween/Examples/Textures/DustCloud.png
  artifactKey: Guid(c4c548a339b4d41a590928c0c98934a7) Importer(2089858483,b0f066a214c2f5e87bad3c948f4d605d)
Start importing Assets/ThirdParty/LeanTween/Examples/Textures/DustCloud.png using Guid(c4c548a339b4d41a590928c0c98934a7) Importer(2089858483,b0f066a214c2f5e87bad3c948f4d605d) (ScriptedImporter) -> (artifact id: '74527300895abadda25c3f44b7713b53') in 0.0122973 seconds
Number of updated asset objects reloaded before import = 0Number of asset objects unloaded after import = 3

========================================================================
Received Import Request.
  Time since last request: 0.000018 seconds.
  path: Assets/ThirdParty/LeanTween/Examples/Scripts/PathSplineEndless.cs
  artifactKey: Guid(784f0e347ee4d4c3b83ca56d6f33f01a) Importer(2089858483,b0f066a214c2f5e87bad3c948f4d605d)
Start importing Assets/ThirdParty/LeanTween/Examples/Scripts/PathSplineEndless.cs using Guid(784f0e347ee4d4c3b83ca56d6f33f01a) Importer(2089858483,b0f066a214c2f5e87bad3c948f4d605d) (ScriptedImporter) -> (artifact id: 'fa51ed4b7cea9e624ea7be92202d8bf5') in 0.0080521 seconds
Number of updated asset objects reloaded before import = 0Number of asset objects unloaded after import = 0

========================================================================
Received Import Request.
  Time since last request: 0.000016 seconds.
  path: Assets/ThirdParty/LeanTween/Examples/Scripts/Following.cs
  artifactKey: Guid(7e619db3c84234f098b8636588c25e4f) Importer(2089858483,b0f066a214c2f5e87bad3c948f4d605d)
Start importing Assets/ThirdParty/LeanTween/Examples/Scripts/Following.cs using Guid(7e619db3c84234f098b8636588c25e4f) Importer(2089858483,b0f066a214c2f5e87bad3c948f4d605d) (ScriptedImporter) -> (artifact id: '70b1168019885e9c064174938d6e1a9d') in 0.0071656 seconds
Number of updated asset objects reloaded before import = 0Number of asset objects unloaded after import = 0

========================================================================
Received Import Request.
  Time since last request: 0.000017 seconds.
  path: Assets/ThirdParty/LeanTween/Examples/Scripts/GeneralCameraShake.cs
  artifactKey: Guid(8a650682fa3d54a57a2521dbf9f6eac2) Importer(2089858483,b0f066a214c2f5e87bad3c948f4d605d)
Start importing Assets/ThirdParty/LeanTween/Examples/Scripts/GeneralCameraShake.cs using Guid(8a650682fa3d54a57a2521dbf9f6eac2) Importer(2089858483,b0f066a214c2f5e87bad3c948f4d605d) (ScriptedImporter) -> (artifact id: '94563121c9800a86534a5450784e5b8e') in 0.0109994 seconds
Number of updated asset objects reloaded before import = 0Number of asset objects unloaded after import = 0

========================================================================
Received Import Request.
  Time since last request: 0.000019 seconds.
  path: Assets/ThirdParty/LeanTween/Examples/Scripts/GeneralAdvancedTechniques.cs
  artifactKey: Guid(a4fce1b486cc240c4825b3bfd794e9e0) Importer(2089858483,b0f066a214c2f5e87bad3c948f4d605d)
Start importing Assets/ThirdParty/LeanTween/Examples/Scripts/GeneralAdvancedTechniques.cs using Guid(a4fce1b486cc240c4825b3bfd794e9e0) Importer(2089858483,b0f066a214c2f5e87bad3c948f4d605d) (ScriptedImporter) -> (artifact id: '3e086ce89ce68a9b337323a396bf1604') in 0.0090589 seconds
Number of updated asset objects reloaded before import = 0Number of asset objects unloaded after import = 0

========================================================================
Received Import Request.
  Time since last request: 0.000022 seconds.
  path: Assets/ThirdParty/TextMesh Pro/Shaders/TMP_SDF-Surface-Mobile.shader
  artifactKey: Guid(85187c2149c549c5b33f0cdb02836b17) Importer(2089858483,b0f066a214c2f5e87bad3c948f4d605d)
Start importing Assets/ThirdParty/TextMesh Pro/Shaders/TMP_SDF-Surface-Mobile.shader using Guid(85187c2149c549c5b33f0cdb02836b17) Importer(2089858483,b0f066a214c2f5e87bad3c948f4d605d) (ScriptedImporter) -> (artifact id: '6cbce8b359c7e1a923e677f714987ae9') in 0.0090597 seconds
Number of updated asset objects reloaded before import = 0Number of asset objects unloaded after import = 1

========================================================================
Received Import Request.
  Time since last request: 0.000015 seconds.
  path: Assets/ThirdParty/LeanTween/Examples/Scenes/GeneralCameraShakeSettings.lighting
  artifactKey: Guid(8b7f133415098554aacd7b59c39936c9) Importer(2089858483,b0f066a214c2f5e87bad3c948f4d605d)
Start importing Assets/ThirdParty/LeanTween/Examples/Scenes/GeneralCameraShakeSettings.lighting using Guid(8b7f133415098554aacd7b59c39936c9) Importer(2089858483,b0f066a214c2f5e87bad3c948f4d605d) (ScriptedImporter)LightingSettings: switching bake backend from 2 to 1.
 -> (artifact id: '1046fb696ac3be6a04e49063a0e916ee') in 0.0164597 seconds
Number of updated asset objects reloaded before import = 0Number of asset objects unloaded after import = 1

========================================================================
Received Import Request.
  Time since last request: 0.000013 seconds.
  path: Assets/ThirdParty/Swzwij/Crayon/CrayonBox/Prefabs.png
  artifactKey: Guid(98998e6cff726784595644f5ac495de1) Importer(2089858483,b0f066a214c2f5e87bad3c948f4d605d)
Start importing Assets/ThirdParty/Swzwij/Crayon/CrayonBox/Prefabs.png using Guid(98998e6cff726784595644f5ac495de1) Importer(2089858483,b0f066a214c2f5e87bad3c948f4d605d) (ScriptedImporter) -> (artifact id: '118233458dfedef8b4bc5571f8757f95') in 0.0134494 seconds
Number of updated asset objects reloaded before import = 0Number of asset objects unloaded after import = 1

========================================================================
Received Import Request.
  Time since last request: 0.000012 seconds.
  path: Assets/ThirdParty/Swzwij/Crayon/CrayonBox/NPC.png
  artifactKey: Guid(6db6914c94fd9d84db37a6eae694607e) Importer(2089858483,b0f066a214c2f5e87bad3c948f4d605d)
Start importing Assets/ThirdParty/Swzwij/Crayon/CrayonBox/NPC.png using Guid(6db6914c94fd9d84db37a6eae694607e) Importer(2089858483,b0f066a214c2f5e87bad3c948f4d605d) (ScriptedImporter) -> (artifact id: '3930f52a7536023463c35bae03db2261') in 0.0160558 seconds
Number of updated asset objects reloaded before import = 0Number of asset objects unloaded after import = 1

========================================================================
Received Import Request.
  Time since last request: 0.000013 seconds.
  path: Assets/ThirdParty/Swzwij/Crayon/CrayonBox/Editor.png
  artifactKey: Guid(1f3183067b14f8c4781a75b25ea81049) Importer(2089858483,b0f066a214c2f5e87bad3c948f4d605d)
Start importing Assets/ThirdParty/Swzwij/Crayon/CrayonBox/Editor.png using Guid(1f3183067b14f8c4781a75b25ea81049) Importer(2089858483,b0f066a214c2f5e87bad3c948f4d605d) (ScriptedImporter) -> (artifact id: 'e75e2507724a1173ff3cc23d57a5b4b9') in 0.0188801 seconds
Number of updated asset objects reloaded before import = 0Number of asset objects unloaded after import = 1

========================================================================
Received Import Request.
  Time since last request: 0.000015 seconds.
  path: Assets/ThirdParty/Swzwij/Crayon/CrayonBox/Art.png
  artifactKey: Guid(316b1b5ec62256c49b2781a5b4c3bf8d) Importer(2089858483,b0f066a214c2f5e87bad3c948f4d605d)
Start importing Assets/ThirdParty/Swzwij/Crayon/CrayonBox/Art.png using Guid(316b1b5ec62256c49b2781a5b4c3bf8d) Importer(2089858483,b0f066a214c2f5e87bad3c948f4d605d) (ScriptedImporter) -> (artifact id: '56dc29d9e86d5d438cf86e9b5723d50e') in 0.0109771 seconds
Number of updated asset objects reloaded before import = 0Number of asset objects unloaded after import = 1

========================================================================
Received Import Request.
  Time since last request: 0.000020 seconds.
  path: Assets/ThirdParty/Swzwij/Crayon/CrayonBox/Player.png
  artifactKey: Guid(aa4b314a6b058d843b24026246d18173) Importer(2089858483,b0f066a214c2f5e87bad3c948f4d605d)
Start importing Assets/ThirdParty/Swzwij/Crayon/CrayonBox/Player.png using Guid(aa4b314a6b058d843b24026246d18173) Importer(2089858483,b0f066a214c2f5e87bad3c948f4d605d) (ScriptedImporter) -> (artifact id: 'adc433ca7853a98f40201d58ea8a2277') in 0.0111903 seconds
Number of updated asset objects reloaded before import = 0Number of asset objects unloaded after import = 1

========================================================================
Received Import Request.
  Time since last request: 0.000011 seconds.
  path: Assets/ThirdParty/Swzwij/Crayon/CrayonBox/Extensions.png
  artifactKey: Guid(8a8872bf021e3284290f9845a5992d71) Importer(2089858483,b0f066a214c2f5e87bad3c948f4d605d)
Start importing Assets/ThirdParty/Swzwij/Crayon/CrayonBox/Extensions.png using Guid(8a8872bf021e3284290f9845a5992d71) Importer(2089858483,b0f066a214c2f5e87bad3c948f4d605d) (ScriptedImporter) -> (artifact id: '39549a69896a6966a11d397510a21f1b') in 0.0131527 seconds
Number of updated asset objects reloaded before import = 0Number of asset objects unloaded after import = 1

========================================================================
Received Import Request.
  Time since last request: 0.000013 seconds.
  path: Assets/ThirdParty/Swzwij/Crayon/CrayonBox/Canvas.png
  artifactKey: Guid(de2e0956812099246a3115c311c5bbe9) Importer(2089858483,b0f066a214c2f5e87bad3c948f4d605d)
Start importing Assets/ThirdParty/Swzwij/Crayon/CrayonBox/Canvas.png using Guid(de2e0956812099246a3115c311c5bbe9) Importer(2089858483,b0f066a214c2f5e87bad3c948f4d605d) (ScriptedImporter) -> (artifact id: '5ac85cb9b8d9d1e8947b3fa42e39999a') in 0.0142325 seconds
Number of updated asset objects reloaded before import = 0Number of asset objects unloaded after import = 1

========================================================================
Received Import Request.
  Time since last request: 0.000013 seconds.
  path: Assets/ThirdParty/Swzwij/Crayon/CrayonBox/Folder_LightRed.png
  artifactKey: Guid(5be3217d104d79b4f9e519117679cf98) Importer(2089858483,b0f066a214c2f5e87bad3c948f4d605d)
Start importing Assets/ThirdParty/Swzwij/Crayon/CrayonBox/Folder_LightRed.png using Guid(5be3217d104d79b4f9e519117679cf98) Importer(2089858483,b0f066a214c2f5e87bad3c948f4d605d) (ScriptedImporter) -> (artifact id: '3665395eb3526199671d783e535144e7') in 0.0113605 seconds
Number of updated asset objects reloaded before import = 0Number of asset objects unloaded after import = 1

========================================================================
Received Import Request.
  Time since last request: 0.000013 seconds.
  path: Assets/ThirdParty/Swzwij/Crayon/CrayonBox/Folder_Turquoise.png
  artifactKey: Guid(47e1a663756a9a5419fe20cb69595d18) Importer(2089858483,b0f066a214c2f5e87bad3c948f4d605d)
Start importing Assets/ThirdParty/Swzwij/Crayon/CrayonBox/Folder_Turquoise.png using Guid(47e1a663756a9a5419fe20cb69595d18) Importer(2089858483,b0f066a214c2f5e87bad3c948f4d605d) (ScriptedImporter) -> (artifact id: '86d084b31caa3345cf256803f87b27c7') in 0.0116105 seconds
Number of updated asset objects reloaded before import = 0Number of asset objects unloaded after import = 1

========================================================================
Received Import Request.
  Time since last request: 0.000015 seconds.
  path: Assets/Editor/Drawers/TagDrawer.cs
  artifactKey: Guid(c44847040cf844a48cdfeeed61075c1c) Importer(2089858483,b0f066a214c2f5e87bad3c948f4d605d)
Start importing Assets/Editor/Drawers/TagDrawer.cs using Guid(c44847040cf844a48cdfeeed61075c1c) Importer(2089858483,b0f066a214c2f5e87bad3c948f4d605d) (ScriptedImporter) -> (artifact id: '3930fa66e357cb27008b953560be2b8a') in 0.008386 seconds
Number of updated asset objects reloaded before import = 0Number of asset objects unloaded after import = 0

========================================================================
Received Import Request.
  Time since last request: 0.000020 seconds.
  path: Assets/ThirdParty/LeanTween/Examples/Models/Materials/SubTitleText.mat
  artifactKey: Guid(33b82a22301d648c5afa1a682a259e5d) Importer(2089858483,b0f066a214c2f5e87bad3c948f4d605d)
Start importing Assets/ThirdParty/LeanTween/Examples/Models/Materials/SubTitleText.mat using Guid(33b82a22301d648c5afa1a682a259e5d) Importer(2089858483,b0f066a214c2f5e87bad3c948f4d605d) (ScriptedImporter) -> (artifact id: '79a5ca8973301302ea58c9662901cbbd') in 0.0145764 seconds
Number of updated asset objects reloaded before import = 0Number of asset objects unloaded after import = 1

========================================================================
Received Import Request.
  Time since last request: 0.000014 seconds.
  path: Assets/ThirdParty/TextMesh Pro/Resources/Sprite Assets/EmojiOne.asset
  artifactKey: Guid(c41005c129ba4d66911b75229fd70b45) Importer(2089858483,b0f066a214c2f5e87bad3c948f4d605d)
Start importing Assets/ThirdParty/TextMesh Pro/Resources/Sprite Assets/EmojiOne.asset using Guid(c41005c129ba4d66911b75229fd70b45) Importer(2089858483,b0f066a214c2f5e87bad3c948f4d605d) (ScriptedImporter) -> (artifact id: '96b24f634b5ffb314783f68362c9e219') in 0.0204372 seconds
Number of updated asset objects reloaded before import = 0Number of asset objects unloaded after import = 3

========================================================================
Received Import Request.
  Time since last request: 0.000014 seconds.
  path: Assets/ThirdParty/LeanTween/Examples/Models/Materials/LineMaterial.mat
  artifactKey: Guid(cf41397dc908943a38769b3d61f3877a) Importer(2089858483,b0f066a214c2f5e87bad3c948f4d605d)
Start importing Assets/ThirdParty/LeanTween/Examples/Models/Materials/LineMaterial.mat using Guid(cf41397dc908943a38769b3d61f3877a) Importer(2089858483,b0f066a214c2f5e87bad3c948f4d605d) (ScriptedImporter) -> (artifact id: '21ee96aa4d8785d4a96bff023a13dcfa') in 0.0137596 seconds
Number of updated asset objects reloaded before import = 0Number of asset objects unloaded after import = 1

========================================================================
Received Import Request.
  Time since last request: 0.000013 seconds.
  path: Assets/ThirdParty/LeanTween/Documentation/assets/css/main.css
  artifactKey: Guid(f2e6f2786cebb4eb8945b46000f02d18) Importer(2089858483,b0f066a214c2f5e87bad3c948f4d605d)
Start importing Assets/ThirdParty/LeanTween/Documentation/assets/css/main.css using Guid(f2e6f2786cebb4eb8945b46000f02d18) Importer(2089858483,b0f066a214c2f5e87bad3c948f4d605d) (ScriptedImporter) -> (artifact id: '9ba7a72d8668a5722a3b57e7d25d0972') in 0.0082683 seconds
Number of updated asset objects reloaded before import = 0Number of asset objects unloaded after import = 1

========================================================================
Received Import Request.
  Time since last request: 0.000015 seconds.
  path: Assets/ThirdParty/LeanTween/Examples/Models/Materials/SimpleAvatarAlphaBlue.mat
  artifactKey: Guid(39a7c2c726d36466a82bb11886f760e1) Importer(2089858483,b0f066a214c2f5e87bad3c948f4d605d)
Start importing Assets/ThirdParty/LeanTween/Examples/Models/Materials/SimpleAvatarAlphaBlue.mat using Guid(39a7c2c726d36466a82bb11886f760e1) Importer(2089858483,b0f066a214c2f5e87bad3c948f4d605d) (ScriptedImporter) -> (artifact id: 'a6607cf7e1b90ae3d7a7e5ffd996bbd0') in 0.0172154 seconds
Number of updated asset objects reloaded before import = 0Number of asset objects unloaded after import = 1

========================================================================
Received Import Request.
  Time since last request: 0.000021 seconds.
  path: Assets/ThirdParty/Swzwij/Crayon/CrayonBox/Sound Effects.png
  artifactKey: Guid(b28d9795f79887346add0e352005d70b) Importer(2089858483,b0f066a214c2f5e87bad3c948f4d605d)
Start importing Assets/ThirdParty/Swzwij/Crayon/CrayonBox/Sound Effects.png using Guid(b28d9795f79887346add0e352005d70b) Importer(2089858483,b0f066a214c2f5e87bad3c948f4d605d) (ScriptedImporter) -> (artifact id: 'ccb8ccc9e720b6f47b311f7997259e24') in 0.0124319 seconds
Number of updated asset objects reloaded before import = 0Number of asset objects unloaded after import = 1

========================================================================
Received Import Request.
  Time since last request: 0.000015 seconds.
  path: Assets/ThirdParty/Swzwij/Crayon/CrayonBox/ThirdParty.png
  artifactKey: Guid(52db10ecaa3158842bba66297aa480e9) Importer(2089858483,b0f066a214c2f5e87bad3c948f4d605d)
Start importing Assets/ThirdParty/Swzwij/Crayon/CrayonBox/ThirdParty.png using Guid(52db10ecaa3158842bba66297aa480e9) Importer(2089858483,b0f066a214c2f5e87bad3c948f4d605d) (ScriptedImporter) -> (artifact id: '6d18dc0a1dcba843ea2a0029fc1e6503') in 0.0103848 seconds
Number of updated asset objects reloaded before import = 0Number of asset objects unloaded after import = 1

========================================================================
Received Import Request.
  Time since last request: 0.000013 seconds.
  path: Assets/ThirdParty/LeanTween/Examples/Models/Materials/Material_001.mat
  artifactKey: Guid(d9041dec3e4f243ad92eacfec2f65378) Importer(2089858483,b0f066a214c2f5e87bad3c948f4d605d)
Start importing Assets/ThirdParty/LeanTween/Examples/Models/Materials/Material_001.mat using Guid(d9041dec3e4f243ad92eacfec2f65378) Importer(2089858483,b0f066a214c2f5e87bad3c948f4d605d) (ScriptedImporter) -> (artifact id: '42bec67d698ea02af3e337fe19c5d654') in 0.0148563 seconds
Number of updated asset objects reloaded before import = 0Number of asset objects unloaded after import = 1

========================================================================
Received Import Request.
  Time since last request: 0.000015 seconds.
  path: Assets/ThirdParty/TextMesh Pro/Shaders/TMP_SDF SSD.shader
  artifactKey: Guid(14eb328de4b8eb245bb7cea29e4ac00b) Importer(2089858483,b0f066a214c2f5e87bad3c948f4d605d)
Start importing Assets/ThirdParty/TextMesh Pro/Shaders/TMP_SDF SSD.shader using Guid(14eb328de4b8eb245bb7cea29e4ac00b) Importer(2089858483,b0f066a214c2f5e87bad3c948f4d605d) (ScriptedImporter) -> (artifact id: 'e9a6ef746b5d42f86beea95fecb24d0d') in 0.0083974 seconds
Number of updated asset objects reloaded before import = 0Number of asset objects unloaded after import = 1

========================================================================
Received Import Request.
  Time since last request: 0.000013 seconds.
  path: Assets/ThirdParty/LeanTween/Testing/PerformanceTests.cs
  artifactKey: Guid(c66170e446eef4291a14e7ad1ad5cf24) Importer(2089858483,b0f066a214c2f5e87bad3c948f4d605d)
Start importing Assets/ThirdParty/LeanTween/Testing/PerformanceTests.cs using Guid(c66170e446eef4291a14e7ad1ad5cf24) Importer(2089858483,b0f066a214c2f5e87bad3c948f4d605d) (ScriptedImporter) -> (artifact id: '787897f12d40118f8224775c3da91710') in 0.0071309 seconds
Number of updated asset objects reloaded before import = 0Number of asset objects unloaded after import = 0

========================================================================
Received Import Request.
  Time since last request: 0.000018 seconds.
  path: Assets/ThirdParty/LeanTween/Examples/Textures/PowerUpStar.png
  artifactKey: Guid(70141d51621e24facbca9196bbde84b4) Importer(2089858483,b0f066a214c2f5e87bad3c948f4d605d)
Start importing Assets/ThirdParty/LeanTween/Examples/Textures/PowerUpStar.png using Guid(70141d51621e24facbca9196bbde84b4) Importer(2089858483,b0f066a214c2f5e87bad3c948f4d605d) (ScriptedImporter) -> (artifact id: '259eda62fc1d0168f62fc88a2bd80195') in 0.0172637 seconds
Number of updated asset objects reloaded before import = 0Number of asset objects unloaded after import = 3

========================================================================
Received Import Request.
  Time since last request: 0.000021 seconds.
  path: Assets/ThirdParty/LeanTween/Examples/Models/BasicExamplesText.fbx
  artifactKey: Guid(803bfbdea65eb4ebe96e481875403860) Importer(2089858483,b0f066a214c2f5e87bad3c948f4d605d)
Start importing Assets/ThirdParty/LeanTween/Examples/Models/BasicExamplesText.fbx using Guid(803bfbdea65eb4ebe96e481875403860) Importer(2089858483,b0f066a214c2f5e87bad3c948f4d605d) (ScriptedImporter) -> (artifact id: 'bc07b486a55bbed5cbaddb1ff9e0167f') in 0.0134577 seconds
Number of updated asset objects reloaded before import = 0Number of asset objects unloaded after import = 25

========================================================================
Received Import Request.
  Time since last request: 0.000014 seconds.
  path: Assets/Art/Models/Creatures/SM_Dove.fbx
  artifactKey: Guid(2f45c082d55732d479088973b9c54cb6) Importer(2089858483,b0f066a214c2f5e87bad3c948f4d605d)
Start importing Assets/Art/Models/Creatures/SM_Dove.fbx using Guid(2f45c082d55732d479088973b9c54cb6) Importer(2089858483,b0f066a214c2f5e87bad3c948f4d605d) (ScriptedImporter) -> (artifact id: 'ef0e6545b54deffdd05fa51e8c2eb526') in 0.0194092 seconds
Number of updated asset objects reloaded before import = 0Number of asset objects unloaded after import = 7

========================================================================
Received Import Request.
  Time since last request: 0.000015 seconds.
  path: Assets/ThirdParty/TextMesh Pro/Shaders/TMPro.cginc
  artifactKey: Guid(407bc68d299748449bbf7f48ee690f8d) Importer(2089858483,b0f066a214c2f5e87bad3c948f4d605d)
Start importing Assets/ThirdParty/TextMesh Pro/Shaders/TMPro.cginc using Guid(407bc68d299748449bbf7f48ee690f8d) Importer(2089858483,b0f066a214c2f5e87bad3c948f4d605d) (ScriptedImporter) -> (artifact id: '8a624fecd8693dd80b52116ace609208') in 0.0123349 seconds
Number of updated asset objects reloaded before import = 0Number of asset objects unloaded after import = 1

========================================================================
Received Import Request.
  Time since last request: 0.000011 seconds.
  path: Assets/ThirdParty/LeanTween/Documentation/classes/LTSpline.html
  artifactKey: Guid(1adcbb4b77b884a4fb75bde98799d037) Importer(2089858483,b0f066a214c2f5e87bad3c948f4d605d)
Start importing Assets/ThirdParty/LeanTween/Documentation/classes/LTSpline.html using Guid(1adcbb4b77b884a4fb75bde98799d037) Importer(2089858483,b0f066a214c2f5e87bad3c948f4d605d) (ScriptedImporter) -> (artifact id: 'ef9ea7badb8d99692197ee0b056b1084') in 0.0202621 seconds
Number of updated asset objects reloaded before import = 0Number of asset objects unloaded after import = 1

========================================================================
Received Import Request.
  Time since last request: 0.000018 seconds.
  path: Assets/Prefabs/Systems/Events/FeedingPigeonEvent.prefab
  artifactKey: Guid(9fecac671ac582e4a92f636c3a997a46) Importer(2089858483,b0f066a214c2f5e87bad3c948f4d605d)
Start importing Assets/Prefabs/Systems/Events/FeedingPigeonEvent.prefab using Guid(9fecac671ac582e4a92f636c3a997a46) Importer(2089858483,b0f066a214c2f5e87bad3c948f4d605d) (ScriptedImporter) -> (artifact id: 'b6fffb0a5e8af5f210bcdc837a47b8ee') in 0.0338005 seconds
Number of updated asset objects reloaded before import = 0Number of asset objects unloaded after import = 35

========================================================================
Received Import Request.
  Time since last request: 0.000024 seconds.
  path: Assets/Scenes/Testing/BlockoutGamefied.unity
  artifactKey: Guid(1c660c19c0edc65458eef060b748c836) Importer(2089858483,b0f066a214c2f5e87bad3c948f4d605d)
Start importing Assets/Scenes/Testing/BlockoutGamefied.unity using Guid(1c660c19c0edc65458eef060b748c836) Importer(2089858483,b0f066a214c2f5e87bad3c948f4d605d) (ScriptedImporter) -> (artifact id: '9c97ca5061faf7d959332326db6549e5') in 0.0202479 seconds
Number of updated asset objects reloaded before import = 0Number of asset objects unloaded after import = 1

========================================================================
Received Import Request.
  Time since last request: 0.000013 seconds.
  path: Assets/ThirdParty/TextMesh Pro/Shaders/TMP_Bitmap.shader
  artifactKey: Guid(128e987d567d4e2c824d754223b3f3b0) Importer(2089858483,b0f066a214c2f5e87bad3c948f4d605d)
Start importing Assets/ThirdParty/TextMesh Pro/Shaders/TMP_Bitmap.shader using Guid(128e987d567d4e2c824d754223b3f3b0) Importer(2089858483,b0f066a214c2f5e87bad3c948f4d605d) (ScriptedImporter) -> (artifact id: '922614d72ee31dea6c0637cf091ba257') in 0.0078476 seconds
Number of updated asset objects reloaded before import = 0Number of asset objects unloaded after import = 1

========================================================================
Received Import Request.
  Time since last request: 0.000013 seconds.
  path: Assets/ThirdParty/Swzwij/Crayon/CrayonBox/Environment.png
  artifactKey: Guid(44f23ba9b5d7294499a03caca3ed67f7) Importer(2089858483,b0f066a214c2f5e87bad3c948f4d605d)
Start importing Assets/ThirdParty/Swzwij/Crayon/CrayonBox/Environment.png using Guid(44f23ba9b5d7294499a03caca3ed67f7) Importer(2089858483,b0f066a214c2f5e87bad3c948f4d605d) (ScriptedImporter) -> (artifact id: 'ec911c01e90614523f1e144aae0badfb') in 0.010959 seconds
Number of updated asset objects reloaded before import = 0Number of asset objects unloaded after import = 1

========================================================================
Received Import Request.
  Time since last request: 0.000012 seconds.
  path: Assets/Scripts/UI/UiMover.cs
  artifactKey: Guid(bb2d902ef0ef4b7baeeb3a319d0ffcd5) Importer(2089858483,b0f066a214c2f5e87bad3c948f4d605d)
Start importing Assets/Scripts/UI/UiMover.cs using Guid(bb2d902ef0ef4b7baeeb3a319d0ffcd5) Importer(2089858483,b0f066a214c2f5e87bad3c948f4d605d) (ScriptedImporter) -> (artifact id: '9e335c661f0474454896beb01100026c') in 0.0079797 seconds
Number of updated asset objects reloaded before import = 0Number of asset objects unloaded after import = 0

========================================================================
Received Import Request.
  Time since last request: 0.000016 seconds.
  path: Assets/ThirdParty/TextMesh Pro/Resources/LineBreaking Following Characters.txt
  artifactKey: Guid(fade42e8bc714b018fac513c043d323b) Importer(2089858483,b0f066a214c2f5e87bad3c948f4d605d)
Start importing Assets/ThirdParty/TextMesh Pro/Resources/LineBreaking Following Characters.txt using Guid(fade42e8bc714b018fac513c043d323b) Importer(2089858483,b0f066a214c2f5e87bad3c948f4d605d) (ScriptedImporter) -> (artifact id: 'ca615386fad06375e9a338774b4e3938') in 0.0072875 seconds
Number of updated asset objects reloaded before import = 0Number of asset objects unloaded after import = 1

========================================================================
Received Import Request.
  Time since last request: 0.000017 seconds.
  path: Assets/Scripts/Player/ResetInput.cs
  artifactKey: Guid(23cda5ea5c2d460395a623f961c8c8bd) Importer(2089858483,b0f066a214c2f5e87bad3c948f4d605d)
Start importing Assets/Scripts/Player/ResetInput.cs using Guid(23cda5ea5c2d460395a623f961c8c8bd) Importer(2089858483,b0f066a214c2f5e87bad3c948f4d605d) (ScriptedImporter) -> (artifact id: '01f0fe8442af130b411d79a47967ac78') in 0.00729 seconds
Number of updated asset objects reloaded before import = 0Number of asset objects unloaded after import = 0

========================================================================
Received Import Request.
  Time since last request: 0.000022 seconds.
  path: Assets/Scripts/Framework/Timer.cs
  artifactKey: Guid(7e41a160aac93894a9ab0a8569ba4aac) Importer(2089858483,b0f066a214c2f5e87bad3c948f4d605d)
Start importing Assets/Scripts/Framework/Timer.cs using Guid(7e41a160aac93894a9ab0a8569ba4aac) Importer(2089858483,b0f066a214c2f5e87bad3c948f4d605d) (ScriptedImporter) -> (artifact id: 'a8c7eaa11e7453893eeed4cb5ae85c58') in 0.0077103 seconds
Number of updated asset objects reloaded before import = 0Number of asset objects unloaded after import = 0

========================================================================
Received Import Request.
  Time since last request: 134.874549 seconds.
  path: Assets/Input/Actions.inputactions
  artifactKey: Guid(c8ea9fa0357a32b4caf6531c0c0fd511) Importer(815301076,1909f56bfc062723c751e8b465ee728b)
Start importing Assets/Input/Actions.inputactions using Guid(c8ea9fa0357a32b4caf6531c0c0fd511) Importer(815301076,1909f56bfc062723c751e8b465ee728b) (PreviewImporter) -> (artifact id: 'defec56a2d17c99f4804972c088c3754') in 0.0242213 seconds
Number of updated asset objects reloaded before import = 0Number of asset objects unloaded after import = 5

========================================================================
Received Import Request.
  Time since last request: 0.000015 seconds.
  path: Assets/Art/Models/Creatures/SM_Dog.fbx
  artifactKey: Guid(f13d4a91a5c546c4ab4ea9fae1442070) Importer(815301076,1909f56bfc062723c751e8b465ee728b)
Start importing Assets/Art/Models/Creatures/SM_Dog.fbx using Guid(f13d4a91a5c546c4ab4ea9fae1442070) Importer(815301076,1909f56bfc062723c751e8b465ee728b) (PreviewImporter) -> (artifact id: '90446148907d526229b30cb9ebb6601f') in 4.9151602 seconds
Number of updated asset objects reloaded before import = 0Number of asset objects unloaded after import = 7

========================================================================
Received Prepare
Assembly reference Packages/com.unity.cinemachine/Editor/Samples/ExposeHDRPInternals/HDRP-Editor-ref.asmref has no target assembly definition
Assembly reference Packages/com.unity.cinemachine/Editor/Samples/ExposeHDRPInternals/HDRP-Editor-ref.asmref has no target assembly definition
Begin MonoManager ReloadAssembly
[Licensing::Client] Successfully resolved entitlement details
- Loaded All Assemblies, in  0.816 seconds
Assembly reference Packages/com.unity.cinemachine/Editor/Samples/ExposeHDRPInternals/HDRP-Editor-ref.asmref has no target assembly definition
'Packages/com.unity.cinemachine/Editor/Obsolete/CinemachineVirtualCameraBaseEditor.cs' contains partial class of Unity.Object, exactly 1 of the partial classes needs to be in a file with the same filename. This is to know the one that can be referenced from ie. GameObjects
'Packages/com.unity.cinemachine/Editor/Editors/CinemachineVirtualCameraBaseEditor.cs' contains partial class of Unity.Object, exactly 1 of the partial classes needs to be in a file with the same filename. This is to know the one that can be referenced from ie. GameObjects
Refreshing native plugins compatible for Editor in 1.03 ms, found 3 plugins.
Native extension for WindowsStandalone target not found
Assembly reference Packages/com.unity.cinemachine/Editor/Samples/ExposeHDRPInternals/HDRP-Editor-ref.asmref has no target assembly definition
[Package Manager] Failed to launch server process. Reason: Unity was launched with the -noUpm command-line argument
[Package Manager] Unable to send message (not connected to server process).
[Package Manager] Cannot connect to Unity Package Manager local server
[Package Manager] Failed to launch server process. Reason: Unity was launched with the -noUpm command-line argument
[Package Manager] Unable to send message (not connected to server process).
[Package Manager] Cannot connect to Unity Package Manager local server
[MODES] ModeService[none].Initialize
[MODES] ModeService[none].LoadModes
Mono: successfully reloaded assembly
- Finished resetting the current domain, in  0.870 seconds
Domain Reload Profiling: 1684ms
	BeginReloadAssembly (304ms)
		ExecutionOrderSort (0ms)
		DisableScriptedObjects (28ms)
		BackupInstance (0ms)
		ReleaseScriptingObjects (0ms)
		CreateAndSetChildDomain (78ms)
	RebuildCommonClasses (36ms)
	RebuildNativeTypeToScriptingClass (16ms)
	initialDomainReloadingComplete (26ms)
	LoadAllAssembliesAndSetupDomain (431ms)
		LoadAssemblies (339ms)
		RebuildTransferFunctionScriptingTraits (0ms)
		AnalyzeDomain (194ms)
			TypeCache.Refresh (7ms)
				TypeCache.ScanAssembly (0ms)
			BuildScriptInfoCaches (170ms)
			ResolveRequiredComponents (12ms)
	FinalizeReload (871ms)
		ReleaseScriptCaches (0ms)
		RebuildScriptCaches (0ms)
		SetupLoadedEditorAssemblies (690ms)
			LogAssemblyErrors (0ms)
			InitializePlatformSupportModulesInManaged (2ms)
			SetLoadedEditorAssemblies (3ms)
			BeforeProcessingInitializeOnLoad (170ms)
			ProcessInitializeOnLoadAttributes (393ms)
			ProcessInitializeOnLoadMethodAttributes (117ms)
			AfterProcessingInitializeOnLoad (6ms)
			EditorAssembliesLoaded (0ms)
		ExecutionOrderSort2 (0ms)
		AwakeInstancesAfterBackupRestoration (21ms)
Refreshing native plugins compatible for Editor in 1.29 ms, found 3 plugins.
Preloading 0 native plugins for Editor in 0.00 ms.
Unloading 18 Unused Serialized files (Serialized files now loaded: 0)
Unloading 6170 unused Assets / (4.8 MB). Loaded Objects now: 7122.
Memory consumption went from 166.2 MB to 161.4 MB.
Total: 10.652700 ms (FindLiveObjects: 0.661900 ms CreateObjectMapping: 1.082300 ms MarkObjects: 6.372300 ms  DeleteObjects: 2.535100 ms)

Prepare: number of updated asset objects reloaded= 0
Editor requested this worker to shutdown with reason: Scaling down because of idle timeout
AssetImportWorker is now disconnected from the server
Process exiting
Exiting without the bug reporter. Application will terminate with return code 0